[debug] [2023-08-30T00:36:01.326Z] ----------------------------------------------------------------------
[debug] [2023-08-30T00:36:01.328Z] Command:       C:\Program Files\nodejs\node.exe C:\Users\sudsh\AppData\Roaming\npm\node_modules\firebase-tools\lib\bin\firebase.js init
[debug] [2023-08-30T00:36:01.328Z] CLI Version:   12.5.2
[debug] [2023-08-30T00:36:01.328Z] Platform:      win32
[debug] [2023-08-30T00:36:01.328Z] Node Version:  v16.13.2
[debug] [2023-08-30T00:36:01.330Z] Time:          Wed Aug 30 2023 10:36:01 GMT+1000 (Australian Eastern Standard Time)
[debug] [2023-08-30T00:36:01.330Z] ----------------------------------------------------------------------
[debug] 
[debug] [2023-08-30T00:36:01.336Z] > command requires scopes: ["email","openid","https://www.googleapis.com/auth/cloudplatformprojects.readonly","https://www.googleapis.com/auth/firebase","https://www.googleapis.com/auth/cloud-platform"]
[debug] [2023-08-30T00:36:01.336Z] > authorizing via signed-in user (shakyasud2019@gmail.com)
[info] 
     ######## #### ########  ######## ########     ###     ######  ########
     ##        ##  ##     ## ##       ##     ##  ##   ##  ##       ##
     ######    ##  ########  ######   ########  #########  ######  ######
     ##        ##  ##    ##  ##       ##     ## ##     ##       ## ##
     ##       #### ##     ## ######## ########  ##     ##  ######  ########

You're about to initialize a Firebase project in this directory:

  C:\Users\sudsh\ReactProject

[info] 
=== Project Setup
[info] 
[info] First, let's associate this project directory with a Firebase project.
[info] You can create multiple project aliases by running firebase use --add, 
[info] but for now we'll just set up a default project.
[info] 
[debug] [2023-08-30T00:37:52.740Z] >>> [apiv2][query] GET https://firebase.googleapis.com/v1beta1/projects pageSize=100
[debug] [2023-08-30T00:37:56.970Z] <<< [apiv2][status] GET https://firebase.googleapis.com/v1beta1/projects 200
[debug] [2023-08-30T00:37:56.970Z] <<< [apiv2][body] GET https://firebase.googleapis.com/v1beta1/projects [omitted]
